\BOOKMARK [0][-]{part.1}{\376\377\173\054\116\000\220\350\122\006\000\040\122\233}{}% 1
\BOOKMARK [1][-]{section.1}{\376\377\215\050\160\271\166\204\217\320\122\250}{part.1}% 2
\BOOKMARK [2][-]{subsection.1.1}{\376\377\217\320\122\250\166\204\176\277\221\317\143\317\217\360}{section.1}% 3
\BOOKMARK [3][-]{subsubsection.1.1.1}{\376\377\117\115\167\342}{subsection.1.1}% 4
\BOOKMARK [3][-]{subsubsection.1.1.2}{\376\377\220\037\136\246}{subsection.1.1}% 5
\BOOKMARK [3][-]{subsubsection.1.1.3}{\376\377\122\240\220\037\136\246}{subsection.1.1}% 6
\BOOKMARK [2][-]{subsection.1.2}{\376\377\166\364\176\277\217\320\122\250}{section.1}% 7
\BOOKMARK [3][-]{subsubsection.1.2.1}{\376\377\123\000\123\330\220\037\166\364\176\277\217\320\122\250}{subsection.1.2}% 8
\BOOKMARK [2][-]{subsection.1.3}{\376\377\217\320\122\250\166\204\211\322\221\317\143\317\217\360}{section.1}% 9
\BOOKMARK [3][-]{subsubsection.1.3.1}{\376\377\211\322\117\115\167\342}{subsection.1.3}% 10
\BOOKMARK [3][-]{subsubsection.1.3.2}{\376\377\211\322\220\037\136\246}{subsection.1.3}% 11
\BOOKMARK [3][-]{subsubsection.1.3.3}{\376\377\211\322\122\240\220\037\136\246}{subsection.1.3}% 12
\BOOKMARK [2][-]{subsection.1.4}{\376\377\127\006\124\150\217\320\122\250}{section.1}% 13
\BOOKMARK [3][-]{subsubsection.1.4.1}{\376\377\127\006\124\150\217\320\122\250\166\204\123\302\221\317}{subsection.1.4}% 14
\BOOKMARK [3][-]{subsubsection.1.4.2}{\376\377\123\000\220\037\127\006\124\150\217\320\122\250}{subsection.1.4}% 15
\BOOKMARK [3][-]{subsubsection.1.4.3}{\376\377\123\330\220\037\127\006\124\150\217\320\122\250}{subsection.1.4}% 16
\BOOKMARK [1][-]{section.2}{\376\377\162\133\230\177\217\320\122\250\133\232\137\213}{part.1}% 17
\BOOKMARK [2][-]{subsection.2.1}{\376\377\215\050\221\317}{section.2}% 18
\BOOKMARK [2][-]{subsection.2.2}{\376\377\122\233}{section.2}% 19
\BOOKMARK [3][-]{subsubsection.2.2.1}{\376\377\121\161\160\271\122\233\166\204\124\010\142\020}{subsection.2.2}% 20
\BOOKMARK [3][-]{subsubsection.2.2.2}{\376\377\162\133\230\177\173\054\116\000\133\232\137\213}{subsection.2.2}% 21
\BOOKMARK [3][-]{subsubsection.2.2.3}{\376\377\142\311\133\306\133\232\164\006}{subsection.2.2}% 22
\BOOKMARK [3][-]{subsubsection.2.2.4}{\376\377\162\133\230\177\173\054\116\214\133\232\137\213}{subsection.2.2}% 23
\BOOKMARK [3][-]{subsubsection.2.2.5}{\376\377\162\133\230\177\173\054\116\011\133\232\137\213}{subsection.2.2}% 24
\BOOKMARK [3][-]{subsubsection.2.2.6}{\376\377\174\373\176\337\166\204\162\133\230\177\173\054\116\214\133\232\137\213}{subsection.2.2}% 25
\BOOKMARK [3][-]{subsubsection.2.2.7}{\376\377\140\357\140\047\174\373\124\214\227\136\140\357\140\047\174\373}{subsection.2.2}% 26
\BOOKMARK [3][-]{subsubsection.2.2.8}{\376\377\221\315\122\233}{subsection.2.2}% 27
\BOOKMARK [3][-]{subsubsection.2.2.9}{\376\377\116\007\147\011\137\025\122\233}{subsection.2.2}% 28
\BOOKMARK [3][-]{subsubsection.2.2.10}{\376\377\137\071\122\233}{subsection.2.2}% 29
\BOOKMARK [3][-]{subsubsection.2.2.11}{\376\377\144\151\144\346\122\233}{subsection.2.2}% 30
\BOOKMARK [2][-]{subsection.2.3}{\376\377\123\327\122\233\122\006\147\220\166\204\133\236\117\213}{section.2}% 31
\BOOKMARK [3][-]{subsubsection.2.3.1}{\376\377\145\234\227\142\116\012\166\204\227\131\153\142\162\151\117\123}{subsection.2.3}% 32
\BOOKMARK [3][-]{subsubsection.2.3.2}{\376\377\145\234\227\142\116\012\166\204\116\013\156\321\162\151\117\123}{subsection.2.3}% 33
\BOOKMARK [3][-]{subsubsection.2.3.3}{\376\377\145\234\227\142\116\012\166\204\116\012\156\321\162\151\117\123}{subsection.2.3}% 34
\BOOKMARK [3][-]{subsubsection.2.3.4}{\376\377\117\075\122\051\165\145\173\111\145\366\127\006\123\237\164\006}{subsection.2.3}% 35
\BOOKMARK [3][-]{subsubsection.2.3.5}{\376\377\226\115\204\075\117\036\225\356\230\230}{subsection.2.3}% 36
\BOOKMARK [2][-]{subsection.2.4}{\376\377\116\007\147\011\137\025\122\233\166\204\136\224\165\050}{section.2}% 37
\BOOKMARK [3][-]{subsubsection.2.4.1}{\376\377\137\000\146\156\122\322\173\054\116\000\133\232\137\213}{subsection.2.4}% 38
\BOOKMARK [3][-]{subsubsection.2.4.2}{\376\377\137\000\146\156\122\322\173\054\116\214\133\232\137\213}{subsection.2.4}% 39
\BOOKMARK [3][-]{subsubsection.2.4.3}{\376\377\137\000\146\156\122\322\173\054\116\011\133\232\137\213}{subsection.2.4}% 40
\BOOKMARK [3][-]{subsubsection.2.4.4}{\376\377\163\257\176\325\162\151\117\123\166\204\176\277\220\037\136\246}{subsection.2.4}% 41
\BOOKMARK [3][-]{subsubsection.2.4.5}{\376\377\163\257\176\325\162\151\117\123\166\204\211\322\220\037\136\246}{subsection.2.4}% 42
\BOOKMARK [3][-]{subsubsection.2.4.6}{\376\377\217\150\220\123\124\150\147\037\166\204\213\241\173\227}{subsection.2.4}% 43
\BOOKMARK [3][-]{subsubsection.2.4.7}{\376\377\131\051\117\123\215\050\221\317\166\204\155\113\221\317}{subsection.2.4}% 44
\BOOKMARK [3][-]{subsubsection.2.4.8}{\376\377\131\051\117\123\133\306\136\246\166\204\155\113\221\317}{subsection.2.4}% 45
\BOOKMARK [1][-]{section.3}{\376\377\200\375\221\317\133\210\140\122\133\232\137\213}{part.1}% 46
\BOOKMARK [2][-]{subsection.3.1}{\376\377\122\237}{section.3}% 47
\BOOKMARK [2][-]{subsection.3.2}{\376\377\122\237\163\207}{section.3}% 48
\BOOKMARK [2][-]{subsection.3.3}{\376\377\200\375}{section.3}% 49
\BOOKMARK [3][-]{subsubsection.3.3.1}{\376\377\122\250\200\375}{subsection.3.3}% 50
\BOOKMARK [3][-]{subsubsection.3.3.2}{\376\377\221\315\122\233\122\277\200\375}{subsection.3.3}% 51
\BOOKMARK [3][-]{subsubsection.3.3.3}{\376\377\137\071\140\047\122\277\200\375}{subsection.3.3}% 52
\BOOKMARK [3][-]{subsubsection.3.3.4}{\376\377\147\072\150\260\200\375}{subsection.3.3}% 53
\BOOKMARK [3][-]{subsubsection.3.3.5}{\376\377\122\250\200\375\133\232\164\006}{subsection.3.3}% 54
\BOOKMARK [3][-]{subsubsection.3.3.6}{\376\377\117\335\133\210\122\233\124\214\200\027\145\143\122\233}{subsection.3.3}% 55
\BOOKMARK [3][-]{subsubsection.3.3.7}{\376\377\174\373\176\337\166\204\122\250\200\375\133\232\164\006}{subsection.3.3}% 56
\BOOKMARK [3][-]{subsubsection.3.3.8}{\376\377\174\373\176\337\166\204\122\237\200\375\123\237\164\006}{subsection.3.3}% 57
\BOOKMARK [3][-]{subsubsection.3.3.9}{\376\377\147\072\150\260\200\375\133\210\140\122\133\232\137\213}{subsection.3.3}% 58
\BOOKMARK [1][-]{section.4}{\376\377\122\250\221\317\133\210\140\122\133\232\137\213}{part.1}% 59
\BOOKMARK [2][-]{subsection.4.1}{\376\377\121\262\221\317}{section.4}% 60
\BOOKMARK [2][-]{subsection.4.2}{\376\377\122\250\221\317}{section.4}% 61
\BOOKMARK [3][-]{subsubsection.4.2.1}{\376\377\162\133\230\177\173\054\116\214\133\232\137\213\166\204\122\250\221\317\137\142\137\017}{subsection.4.2}% 62
\BOOKMARK [3][-]{subsubsection.4.2.2}{\376\377\122\250\221\317\124\214\121\262\221\317\166\204\123\125\117\115}{subsection.4.2}% 63
\BOOKMARK [3][-]{subsubsection.4.2.3}{\376\377\122\250\221\317\133\232\164\006}{subsection.4.2}% 64
\BOOKMARK [3][-]{subsubsection.4.2.4}{\376\377\174\373\176\337\166\204\122\250\221\317\133\232\164\006}{subsection.4.2}% 65
\BOOKMARK [3][-]{subsubsection.4.2.5}{\376\377\174\373\176\337\166\204\122\250\221\317\133\210\140\122\133\232\137\213}{subsection.4.2}% 66
\BOOKMARK [1][-]{section.5}{\376\377\122\032\117\123\166\204\217\154\122\250}{part.1}% 67
\BOOKMARK [2][-]{subsection.5.1}{\376\377\122\032\117\123\166\204\136\163\122\250\124\214\217\154\122\250}{section.5}% 68
\BOOKMARK [2][-]{subsection.5.2}{\376\377\122\233\167\351}{section.5}% 69
\BOOKMARK [3][-]{subsubsection.5.2.1}{\376\377\217\154\122\250\133\232\137\213}{subsection.5.2}% 70
\BOOKMARK [3][-]{subsubsection.5.2.2}{\376\377\217\154\122\250\140\357\221\317}{subsection.5.2}% 71
\BOOKMARK [3][-]{subsubsection.5.2.3}{\376\377\176\306\150\322\166\204\217\154\122\250\140\357\221\317}{subsection.5.2}% 72
\BOOKMARK [3][-]{subsubsection.5.2.4}{\376\377\127\006\166\330\166\204\217\154\122\250\140\357\221\317}{subsection.5.2}% 73
\BOOKMARK [3][-]{subsubsection.5.2.5}{\376\377\127\006\163\257\166\204\217\154\122\250\140\357\221\317}{subsection.5.2}% 74
\BOOKMARK [2][-]{subsection.5.3}{\376\377\122\233\167\351\166\204\122\237}{section.5}% 75
\BOOKMARK [2][-]{subsection.5.4}{\376\377\217\154\122\250\122\250\200\375}{section.5}% 76
\BOOKMARK [3][-]{subsubsection.5.4.1}{\376\377\217\154\122\250\166\204\122\250\200\375\133\232\164\006}{subsection.5.4}% 77
\BOOKMARK [1][-]{section.6}{\376\377\211\322\122\250\221\317\133\210\140\122\133\232\137\213}{part.1}% 78
\BOOKMARK [2][-]{subsection.6.1}{\376\377\211\322\121\262\221\317}{section.6}% 79
\BOOKMARK [2][-]{subsection.6.2}{\376\377\211\322\122\250\221\317}{section.6}% 80
\BOOKMARK [3][-]{subsubsection.6.2.1}{\376\377\211\322\122\250\221\317\124\214\211\322\121\262\221\317\166\204\123\125\117\115}{subsection.6.2}% 81
\BOOKMARK [3][-]{subsubsection.6.2.2}{\376\377\211\322\122\250\221\317\133\232\164\006}{subsection.6.2}% 82
\BOOKMARK [3][-]{subsubsection.6.2.3}{\376\377\211\322\122\250\221\317\133\210\140\122\133\232\137\213}{subsection.6.2}% 83
\BOOKMARK [2][-]{subsection.6.3}{\376\377\122\032\117\123\133\232\217\164\217\154\122\250\166\204\211\322\122\250\221\317}{section.6}% 84
\BOOKMARK [3][-]{subsubsection.6.3.1}{\376\377\217\154\122\250\133\232\137\213\166\204\211\322\122\250\221\317\137\142\137\017}{subsection.6.3}% 85
\BOOKMARK [3][-]{subsubsection.6.3.2}{\376\377\122\032\117\123\133\232\217\164\217\154\122\250\166\204\211\322\122\250\221\317\133\232\164\006}{subsection.6.3}% 86
\BOOKMARK [3][-]{subsubsection.6.3.3}{\376\377\122\032\117\123\133\232\217\164\217\154\122\250\166\204\211\322\122\250\221\317\133\210\140\122\133\232\137\213}{subsection.6.3}% 87
\BOOKMARK [0][-]{part.2}{\376\377\173\054\116\214\220\350\122\006\000\040\160\355}{}% 88
\BOOKMARK [1][-]{section.7}{\376\377\154\024\117\123\122\250\164\006\213\272}{part.2}% 89
\BOOKMARK [2][-]{subsection.7.1}{\376\377\154\024\117\123\166\204\162\266\140\001\123\302\221\317}{section.7}% 90
\BOOKMARK [3][-]{subsubsection.7.1.1}{\376\377\117\123\171\357}{subsection.7.1}% 91
\BOOKMARK [3][-]{subsubsection.7.1.2}{\376\377\123\213\137\072}{subsection.7.1}% 92
\BOOKMARK [3][-]{subsubsection.7.1.3}{\376\377\156\051\136\246}{subsection.7.1}% 93
\BOOKMARK [3][-]{subsubsection.7.1.4}{\376\377\136\163\210\141\162\266\140\001\124\214\136\163\210\141\217\307\172\013}{subsection.7.1}% 94
\BOOKMARK [3][-]{subsubsection.7.1.5}{\376\377\154\024\117\123\166\204\173\111\156\051\123\330\123\026}{subsection.7.1}% 95
\BOOKMARK [3][-]{subsubsection.7.1.6}{\376\377\154\024\117\123\166\204\173\111\117\123\123\330\123\026}{subsection.7.1}% 96
\BOOKMARK [3][-]{subsubsection.7.1.7}{\376\377\154\024\117\123\166\204\173\111\123\213\123\330\123\026}{subsection.7.1}% 97
\BOOKMARK [3][-]{subsubsection.7.1.8}{\376\377\121\113\142\311\117\057\237\231\145\271\172\013}{subsection.7.1}% 98
\BOOKMARK [2][-]{subsection.7.2}{\376\377\122\006\133\120\122\250\164\006\213\272}{section.7}% 99
\BOOKMARK [2][-]{subsection.7.3}{\376\377\164\006\140\363\154\024\117\123\166\204\151\202\137\365}{section.7}% 100
\BOOKMARK [3][-]{subsubsection.7.3.1}{\376\377\164\006\140\363\154\024\117\123\166\204\137\256\211\302\152\041\127\213}{subsection.7.3}% 101
\BOOKMARK [3][-]{subsubsection.7.3.2}{\376\377\164\006\140\363\154\024\117\123\166\204\176\337\213\241\120\107\213\276}{subsection.7.3}% 102
\BOOKMARK [2][-]{subsection.7.4}{\376\377\164\006\140\363\154\024\117\123\166\204\123\213\137\072}{section.7}% 103
\BOOKMARK [2][-]{subsection.7.5}{\376\377\164\006\140\363\154\024\117\123\166\204\156\051\136\246}{section.7}% 104
\BOOKMARK [2][-]{subsection.7.6}{\376\377\201\352\165\061\136\246}{section.7}% 105
\BOOKMARK [3][-]{subsubsection.7.6.1}{\376\377\200\375\221\317\143\011\201\352\165\061\136\246\127\107\122\006\133\232\164\006}{subsection.7.6}% 106
\BOOKMARK [3][-]{subsubsection.7.6.2}{\376\377\164\006\140\363\154\024\117\123\166\204\122\006\133\120\136\163\127\107\122\250\200\375}{subsection.7.6}% 107
\BOOKMARK [3][-]{subsubsection.7.6.3}{\376\377\164\006\140\363\154\024\117\123\166\204\122\006\133\120\122\250\200\375}{subsection.7.6}% 108
\BOOKMARK [2][-]{subsection.7.7}{\376\377\236\246\121\113\145\257\227\346\000-\163\273\134\024\121\171\146\374\122\006\136\003}{section.7}% 109
\BOOKMARK [3][-]{subsubsection.7.7.1}{\376\377\122\006\133\120\160\355\217\320\122\250\166\204\116\011\171\315\220\037\163\207}{subsection.7.7}% 110
\BOOKMARK [3][-]{subsubsection.7.7.2}{\376\377\156\051\136\246\124\214\220\037\163\207\122\006\136\003\146\362\176\277}{subsection.7.7}% 111
\BOOKMARK [1][-]{section.8}{\376\377\160\355\122\233\133\146\127\372\170\100}{part.2}% 112
\BOOKMARK [2][-]{subsection.8.1}{\376\377\121\205\200\375}{section.8}% 113
\BOOKMARK [3][-]{subsubsection.8.1.1}{\376\377\145\071\123\330\121\205\200\375\166\204\145\271\137\017}{subsection.8.1}% 114
\BOOKMARK [2][-]{subsection.8.2}{\376\377\160\355\122\233\133\146\173\054\116\000\133\232\137\213}{section.8}% 115
\BOOKMARK [3][-]{subsubsection.8.2.1}{\376\377\173\054\116\000\174\173\154\070\122\250\147\072}{subsection.8.2}% 116
\BOOKMARK [2][-]{subsection.8.3}{\376\377\154\024\117\123\136\163\210\141\217\307\172\013\116\055\166\204\122\237}{section.8}% 117
\BOOKMARK [2][-]{subsection.8.4}{\376\377\154\024\117\123\166\204\173\111\117\123\217\307\172\013}{section.8}% 118
\BOOKMARK [2][-]{subsection.8.5}{\376\377\154\024\117\123\166\204\173\111\123\213\217\307\172\013}{section.8}% 119
\BOOKMARK [2][-]{subsection.8.6}{\376\377\154\024\117\123\166\204\160\355\133\271\221\317}{section.8}% 120
\BOOKMARK [3][-]{subsubsection.8.6.1}{\376\377\173\111\117\123\144\151\134\024\160\355\133\271\221\317}{subsection.8.6}% 121
\BOOKMARK [3][-]{subsubsection.8.6.2}{\376\377\173\111\123\213\144\151\134\024\160\355\133\271\221\317}{subsection.8.6}% 122
\BOOKMARK [3][-]{subsubsection.8.6.3}{\376\377\160\355\133\271\153\324}{subsection.8.6}% 123
\BOOKMARK [3][-]{subsubsection.8.6.4}{\376\377\217\310\200\066\121\154\137\017}{subsection.8.6}% 124
\BOOKMARK [2][-]{subsection.8.7}{\376\377\154\024\117\123\166\204\173\111\156\051\217\307\172\013}{section.8}% 125
\BOOKMARK [2][-]{subsection.8.8}{\376\377\154\024\117\123\166\204\176\335\160\355\217\307\172\013}{section.8}% 126
\BOOKMARK [3][-]{subsubsection.8.8.1}{\376\377\176\335\160\355\217\307\172\013\116\055\154\024\117\123\162\266\140\001\123\302\221\317\225\364\166\204\121\163\174\373}{subsection.8.8}% 127
\BOOKMARK [3][-]{subsubsection.8.8.2}{\376\377\176\335\160\355\217\307\172\013\124\214\173\111\156\051\217\307\172\013\166\204\121\163\174\373}{subsection.8.8}% 128
\BOOKMARK [2][-]{subsection.8.9}{\376\377\137\252\163\257\217\307\172\013}{section.8}% 129
\BOOKMARK [3][-]{subsubsection.8.9.1}{\376\377\160\355\147\072}{subsection.8.9}% 130
\BOOKMARK [3][-]{subsubsection.8.9.2}{\376\377\160\355\154\365}{subsection.8.9}% 131
\BOOKMARK [3][-]{subsubsection.8.9.3}{\376\377\123\141\213\372\153\143\137\252\163\257}{subsection.8.9}% 132
\BOOKMARK [3][-]{subsubsection.8.9.4}{\376\377\123\141\213\372\220\006\137\252\163\257}{subsection.8.9}% 133
\BOOKMARK [2][-]{subsection.8.10}{\376\377\160\355\122\233\133\146\173\054\116\214\133\232\137\213}{section.8}% 134
\BOOKMARK [3][-]{subsubsection.8.10.1}{\376\377\173\054\116\214\174\173\154\070\122\250\147\072}{subsection.8.10}% 135
\BOOKMARK [0][-]{part.3}{\376\377\173\054\116\011\220\350\122\006\000\040\165\065}{}% 136
\BOOKMARK [1][-]{section.9}{\376\377\167\037\172\172\116\055\227\131\165\065\127\072}{part.3}% 137
\BOOKMARK [2][-]{subsection.9.1}{\376\377\165\065\203\167}{section.9}% 138
\BOOKMARK [3][-]{subsubsection.9.1.1}{\376\377\121\103\165\065\203\167}{subsection.9.1}% 139
\BOOKMARK [2][-]{subsection.9.2}{\376\377\165\065\127\072}{section.9}% 140
\BOOKMARK [2][-]{subsection.9.3}{\376\377\165\065\127\072\122\233}{section.9}% 141
\BOOKMARK [2][-]{subsection.9.4}{\376\377\165\065\127\072\137\072\136\246}{section.9}% 142
\BOOKMARK [3][-]{subsubsection.9.4.1}{\376\377\165\065\127\072\176\277}{subsection.9.4}% 143
\BOOKMARK [3][-]{subsubsection.9.4.2}{\376\377\165\065\127\072\137\072\136\246\166\204\217\355\122\240\123\237\164\006}{subsection.9.4}% 144
\BOOKMARK [3][-]{subsubsection.9.4.3}{\376\377\165\065\203\167\217\336\176\355\122\006\136\003\145\366\166\204\165\065\127\072\137\072\136\246}{subsection.9.4}% 145
\BOOKMARK [3][-]{subsubsection.9.4.4}{\376\377\165\065\120\166\147\201\133\120}{subsection.9.4}% 146
\BOOKMARK [3][-]{subsubsection.9.4.5}{\376\377\165\065\120\166\147\201\133\120\217\164\176\277\166\204\136\366\225\177\176\277\116\012\166\204\165\065\127\072\137\072\136\246}{subsection.9.4}% 147
\BOOKMARK [3][-]{subsubsection.9.4.6}{\376\377\165\065\120\166\147\201\133\120\217\164\176\277\166\204\116\055\127\202\176\277\116\012\166\204\165\065\127\072\137\072\136\246}{subsection.9.4}% 148
\BOOKMARK [3][-]{subsubsection.9.4.7}{\376\377\127\107\123\000\136\046\165\065\127\006\163\257\217\164\176\277\116\012\166\204\165\065\127\072\137\072\136\246}{subsection.9.4}% 149
\BOOKMARK [3][-]{subsubsection.9.4.8}{\376\377\127\107\123\000\136\046\165\065\127\006\166\330\217\164\176\277\116\012\166\204\165\065\127\072\137\072\136\246}{subsection.9.4}% 150
\BOOKMARK [2][-]{subsection.9.5}{\376\377\165\065\220\032\221\317}{section.9}% 151
\BOOKMARK [3][-]{subsubsection.9.5.1}{\376\377\232\330\145\257\165\065\127\072\133\232\164\006}{subsection.9.5}% 152
\BOOKMARK [3][-]{subsubsection.9.5.2}{\376\377\127\107\123\000\136\046\165\065\164\003\227\142\166\204\165\065\127\072\137\072\136\246}{subsection.9.5}% 153
\BOOKMARK [3][-]{subsubsection.9.5.3}{\376\377\145\340\226\120\225\177\127\107\123\000\136\046\165\065\166\364\176\277\166\204\165\065\127\072\137\072\136\246}{subsection.9.5}% 154
\BOOKMARK [3][-]{subsubsection.9.5.4}{\376\377\145\340\226\120\131\047\127\107\123\000\136\046\165\065\136\163\227\142\166\204\165\065\127\072\137\072\136\246}{subsection.9.5}% 155
